<?xml version="1.0" encoding="UTF-8"?>
<testsuite xmlns:xsi="http://www.w3.org/2001/XMLSchema-instance" xsi:noNamespaceSchemaLocation="https://maven.apache.org/surefire/maven-surefire-plugin/xsd/surefire-test-report.xsd" name="TestSuite" time="0.465" tests="8" errors="0" skipped="0" failures="0">
  <properties>
[...]
</properties>
  <testcase name="testAgregarContacto" classname="cl.kibernumacademy.testng.ContactManagerTest" time="0.003"/>
  <testcase name="testAgregarContacto" classname="cl.kibernumacademy.testng.ContactManagerTest" time="0.004"/>
  <testcase name="testDesactivarContacto" classname="cl.kibernumacademy.testng.ContactManagerTest" time="0"/>
  <testcase name="testDesactivarContacto" classname="cl.kibernumacademy.testng.ContactManagerTest" time="0"/>
  <testcase name="testDesactivarContactoInexistente" classname="cl.kibernumacademy.testng.ContactManagerTest" time="0"/>
  <testcase name="testDesactivarContactoInexistente" classname="cl.kibernumacademy.testng.ContactManagerTest" time="0"/>
  <testcase name="testFiltrarPorEstado" classname="cl.kibernumacademy.testng.ContactManagerTest" time="0.004"/>
  <testcase name="testFiltrarPorEstado" classname="cl.kibernumacademy.testng.ContactManagerTest" time="0.004"/>
</testsuite>