<?xml version="1.0" encoding="UTF-8"?>
<!-- Generated by org.testng.reporters.JUnitXMLReporter -->
<testsuite ignored="0" hostname="DESKTOP-8F1GC6C" failures="0" tests="4" name="ContactManagerTest" time="0.048" errors="0" timestamp="2025-07-14T20:38:52 CLT">
  <testcase classname="cl.kibernumacademy.testng.ContactManagerTest" name="testAgregarContacto" time="0.003"/>
  <testcase classname="cl.kibernumacademy.testng.ContactManagerTest" name="testDesactivarContacto" time="0.0"/>
  <testcase classname="cl.kibernumacademy.testng.ContactManagerTest" name="testDesactivarContactoInexistente" time="0.0"/>
  <testcase classname="cl.kibernumacademy.testng.ContactManagerTest" name="testFiltrarPorEstado" time="0.004"/>
</testsuite> <!-- ContactManagerTest -->
